1766878636.062651 client started (71820): version 3.6a, socket /private/tmp/tmux-501/default, protocol 8
1766878636.062683 on Darwin 25.1.0 Darwin Kernel Version 25.1.0: Mon Oct 20 19:33:00 PDT 2025; root:xnu-12377.41.6~2/RELEASE_ARM64_T6020
1766878636.062689 using libevent 2.1.12-stable select
1766878636.062706 using utf8proc 2.11.2
1766878636.062710 using ncurses 6.5 20240427
1766878636.062719 flags are 0x10010000
1766878636.062722 socket is /private/tmp/tmux-501/default
1766878636.062729 trying connect
1766878636.062759 add peer 0x101381b90: 6 (0x0)
1766878636.063744 sending message 111 to peer 0x101381b90 (8 bytes)
1766878636.063750 sending message 111 to peer 0x101381b90 (8 bytes)
1766878636.063753 sending message 101 to peer 0x101381b90 (14 bytes)
1766878636.063756 sending message 109 to peer 0x101381b90 (4 bytes)
1766878636.063759 sending message 102 to peer 0x101381b90 (13 bytes)
1766878636.063762 sending message 108 to peer 0x101381b90 (31 bytes)
1766878636.063764 sending message 112 to peer 0x101381b90 (70 bytes)
1766878636.063771 sending message 112 to peer 0x101381b90 (5 bytes)
1766878636.063774 sending message 112 to peer 0x101381b90 (5 bytes)
1766878636.063777 sending message 112 to peer 0x101381b90 (6 bytes)
1766878636.063779 sending message 112 to peer 0x101381b90 (6 bytes)
1766878636.063782 sending message 112 to peer 0x101381b90 (11 bytes)
1766878636.063784 sending message 112 to peer 0x101381b90 (10 bytes)
1766878636.063787 sending message 112 to peer 0x101381b90 (13 bytes)
1766878636.063789 sending message 112 to peer 0x101381b90 (13 bytes)
1766878636.063792 sending message 112 to peer 0x101381b90 (18 bytes)
1766878636.063794 sending message 112 to peer 0x101381b90 (11 bytes)
1766878636.063797 sending message 112 to peer 0x101381b90 (10 bytes)
1766878636.063799 sending message 112 to peer 0x101381b90 (15 bytes)
1766878636.063802 sending message 112 to peer 0x101381b90 (21 bytes)
1766878636.063804 sending message 112 to peer 0x101381b90 (13 bytes)
1766878636.063807 sending message 112 to peer 0x101381b90 (7 bytes)
1766878636.063809 sending message 112 to peer 0x101381b90 (13 bytes)
1766878636.063811 sending message 112 to peer 0x101381b90 (7 bytes)
1766878636.063814 sending message 112 to peer 0x101381b90 (13 bytes)
1766878636.063816 sending message 112 to peer 0x101381b90 (9 bytes)
1766878636.063819 sending message 112 to peer 0x101381b90 (21 bytes)
1766878636.063821 sending message 112 to peer 0x101381b90 (13 bytes)
1766878636.063824 sending message 112 to peer 0x101381b90 (8 bytes)
1766878636.063826 sending message 112 to peer 0x101381b90 (12 bytes)
1766878636.063829 sending message 112 to peer 0x101381b90 (13 bytes)
1766878636.063831 sending message 112 to peer 0x101381b90 (9 bytes)
1766878636.063833 sending message 112 to peer 0x101381b90 (9 bytes)
1766878636.063836 sending message 112 to peer 0x101381b90 (12 bytes)
1766878636.063838 sending message 112 to peer 0x101381b90 (8 bytes)
1766878636.063841 sending message 112 to peer 0x101381b90 (7 bytes)
1766878636.063843 sending message 112 to peer 0x101381b90 (7 bytes)
1766878636.063845 sending message 112 to peer 0x101381b90 (9 bytes)
1766878636.063848 sending message 112 to peer 0x101381b90 (13 bytes)
1766878636.063850 sending message 112 to peer 0x101381b90 (6 bytes)
1766878636.063853 sending message 112 to peer 0x101381b90 (9 bytes)
1766878636.063855 sending message 112 to peer 0x101381b90 (13 bytes)
1766878636.063858 sending message 112 to peer 0x101381b90 (12 bytes)
1766878636.063860 sending message 112 to peer 0x101381b90 (8 bytes)
1766878636.063862 sending message 112 to peer 0x101381b90 (9 bytes)
1766878636.063865 sending message 112 to peer 0x101381b90 (10 bytes)
1766878636.063867 sending message 112 to peer 0x101381b90 (10 bytes)
1766878636.063870 sending message 112 to peer 0x101381b90 (10 bytes)
1766878636.063872 sending message 112 to peer 0x101381b90 (10 bytes)
1766878636.063874 sending message 112 to peer 0x101381b90 (11 bytes)
1766878636.063877 sending message 112 to peer 0x101381b90 (10 bytes)
1766878636.063879 sending message 112 to peer 0x101381b90 (8 bytes)
1766878636.063886 sending message 112 to peer 0x101381b90 (11 bytes)
1766878636.063888 sending message 112 to peer 0x101381b90 (11 bytes)
1766878636.063890 sending message 112 to peer 0x101381b90 (11 bytes)
1766878636.063892 sending message 112 to peer 0x101381b90 (8 bytes)
1766878636.063894 sending message 112 to peer 0x101381b90 (8 bytes)
1766878636.063896 sending message 112 to peer 0x101381b90 (8 bytes)
1766878636.063898 sending message 112 to peer 0x101381b90 (10 bytes)
1766878636.063900 sending message 112 to peer 0x101381b90 (10 bytes)
1766878636.063902 sending message 112 to peer 0x101381b90 (10 bytes)
1766878636.063904 sending message 112 to peer 0x101381b90 (10 bytes)
1766878636.063906 sending message 112 to peer 0x101381b90 (10 bytes)
1766878636.063907 sending message 112 to peer 0x101381b90 (11 bytes)
1766878636.063909 sending message 112 to peer 0x101381b90 (11 bytes)
1766878636.063911 sending message 112 to peer 0x101381b90 (10 bytes)
1766878636.063913 sending message 112 to peer 0x101381b90 (9 bytes)
1766878636.063915 sending message 112 to peer 0x101381b90 (9 bytes)
1766878636.063917 sending message 112 to peer 0x101381b90 (12 bytes)
1766878636.063919 sending message 112 to peer 0x101381b90 (9 bytes)
1766878636.063921 sending message 112 to peer 0x101381b90 (6 bytes)
1766878636.063922 sending message 112 to peer 0x101381b90 (8 bytes)
1766878636.063924 sending message 112 to peer 0x101381b90 (15 bytes)
1766878636.063926 sending message 112 to peer 0x101381b90 (13 bytes)
1766878636.063928 sending message 112 to peer 0x101381b90 (9 bytes)
1766878636.063930 sending message 112 to peer 0x101381b90 (70 bytes)
1766878636.063932 sending message 112 to peer 0x101381b90 (69 bytes)
1766878636.063934 sending message 112 to peer 0x101381b90 (10 bytes)
1766878636.063936 sending message 112 to peer 0x101381b90 (10 bytes)
1766878636.063938 sending message 112 to peer 0x101381b90 (8 bytes)
1766878636.063940 sending message 112 to peer 0x101381b90 (15 bytes)
1766878636.063941 sending message 112 to peer 0x101381b90 (13 bytes)
1766878636.063943 sending message 112 to peer 0x101381b90 (10 bytes)
1766878636.063945 sending message 112 to peer 0x101381b90 (10 bytes)
1766878636.063947 sending message 112 to peer 0x101381b90 (13 bytes)
1766878636.063949 sending message 112 to peer 0x101381b90 (9 bytes)
1766878636.063951 sending message 112 to peer 0x101381b90 (5 bytes)
1766878636.063953 sending message 112 to peer 0x101381b90 (5 bytes)
1766878636.063955 sending message 104 to peer 0x101381b90 (0 bytes)
1766878636.063958 sending message 110 to peer 0x101381b90 (0 bytes)
1766878636.063959 sending message 107 to peer 0x101381b90 (4 bytes)
1766878636.063961 sending message 105 to peer 0x101381b90 (16 bytes)
1766878636.063963 sending message 105 to peer 0x101381b90 (20 bytes)
1766878636.063965 sending message 105 to peer 0x101381b90 (22 bytes)
1766878636.063967 sending message 105 to peer 0x101381b90 (12 bytes)
1766878636.063969 sending message 105 to peer 0x101381b90 (33 bytes)
1766878636.063971 sending message 105 to peer 0x101381b90 (62 bytes)
1766878636.063973 sending message 105 to peer 0x101381b90 (25 bytes)
1766878636.063975 sending message 105 to peer 0x101381b90 (23 bytes)
1766878636.063977 sending message 105 to peer 0x101381b90 (24 bytes)
1766878636.063979 sending message 105 to peer 0x101381b90 (61 bytes)
1766878636.063981 sending message 105 to peer 0x101381b90 (17 bytes)
1766878636.063983 sending message 105 to peer 0x101381b90 (19 bytes)
1766878636.063985 sending message 105 to peer 0x101381b90 (19 bytes)
1766878636.063987 sending message 105 to peer 0x101381b90 (26 bytes)
1766878636.063988 sending message 105 to peer 0x101381b90 (23 bytes)
1766878636.063990 sending message 105 to peer 0x101381b90 (19 bytes)
1766878636.063992 sending message 105 to peer 0x101381b90 (25 bytes)
1766878636.063994 sending message 105 to peer 0x101381b90 (18 bytes)
1766878636.063996 sending message 105 to peer 0x101381b90 (529 bytes)
1766878636.063998 sending message 105 to peer 0x101381b90 (16 bytes)
1766878636.064000 sending message 105 to peer 0x101381b90 (35 bytes)
1766878636.064005 sending message 105 to peer 0x101381b90 (25 bytes)
1766878636.064007 sending message 105 to peer 0x101381b90 (15 bytes)
1766878636.064009 sending message 105 to peer 0x101381b90 (8 bytes)
1766878636.064011 sending message 105 to peer 0x101381b90 (66 bytes)
1766878636.064013 sending message 105 to peer 0x101381b90 (38 bytes)
1766878636.064015 sending message 105 to peer 0x101381b90 (19 bytes)
1766878636.064017 sending message 105 to peer 0x101381b90 (19 bytes)
1766878636.064019 sending message 105 to peer 0x101381b90 (86 bytes)
1766878636.064021 sending message 105 to peer 0x101381b90 (44 bytes)
1766878636.064023 sending message 105 to peer 0x101381b90 (18 bytes)
1766878636.064025 sending message 105 to peer 0x101381b90 (26 bytes)
1766878636.064028 sending message 105 to peer 0x101381b90 (60 bytes)
1766878636.064030 sending message 105 to peer 0x101381b90 (57 bytes)
1766878636.064032 sending message 105 to peer 0x101381b90 (43 bytes)
1766878636.064034 sending message 105 to peer 0x101381b90 (13 bytes)
1766878636.064036 sending message 105 to peer 0x101381b90 (16 bytes)
1766878636.064038 sending message 105 to peer 0x101381b90 (14 bytes)
1766878636.064040 sending message 105 to peer 0x101381b90 (19 bytes)
1766878636.064042 sending message 105 to peer 0x101381b90 (50 bytes)
1766878636.064044 sending message 105 to peer 0x101381b90 (45 bytes)
1766878636.064046 sending message 105 to peer 0x101381b90 (43 bytes)
1766878636.064048 sending message 105 to peer 0x101381b90 (33 bytes)
1766878636.064050 sending message 105 to peer 0x101381b90 (25 bytes)
1766878636.064051 sending message 106 to peer 0x101381b90 (0 bytes)
1766878636.064084 sending message 200 to peer 0x101381b90 (4 bytes)
1766878636.064087 client loop enter
1766878636.064179 peer 0x101381b90 message 303
1766878636.064195 open write file 2 -
1766878636.064205 sending message 305 to peer 0x101381b90 (8 bytes)
1766878636.064215 write check file 2
1766878636.064253 peer 0x101381b90 message 304
1766878636.064257 write 58 to file 2
1766878636.064260 peer 0x101381b90 message 203
1766878636.064262 file 2 58 bytes left
1766878636.064270 write check file 2
1766878636.064272 client loop exit
